[0527/222020.575:INFO:CONSOLE(0)] "Error with Permissions-Policy header: Feature xr-spatial-tracking's parameters are ignored.", source:  (0)
[0527/222020.576:INFO:CONSOLE(0)] "Error with Permissions-Policy header: Origin trial controlled feature not enabled: 'attribution-reporting'.", source:  (0)
[0527/222020.576:INFO:CONSOLE(0)] "Error with Permissions-Policy header: Unrecognized feature: 'battery'.", source:  (0)
[0527/222020.576:INFO:CONSOLE(0)] "Error with Permissions-Policy header: Unrecognized feature: 'bluetooth'.", source:  (0)
[0527/222020.576:INFO:CONSOLE(0)] "Error with Permissions-Policy header: Unrecognized feature: 'ch-save-data'.", source:  (0)
[0527/222020.576:INFO:CONSOLE(0)] "Error with Permissions-Policy header: Origin trial controlled feature not enabled: 'ch-viewport-height'.", source:  (0)
[0527/222020.576:INFO:CONSOLE(0)] "Error with Permissions-Policy header: Unrecognized feature: 'compute-pressure'.", source:  (0)
[0527/222020.576:INFO:CONSOLE(0)] "Error with Permissions-Policy header: Unrecognized feature: 'gamepad'.", source:  (0)
[0527/222020.576:INFO:CONSOLE(0)] "Error with Permissions-Policy header: Unrecognized feature: 'interest-cohort'.", source:  (0)
[0527/222020.576:INFO:CONSOLE(0)] "Error with Permissions-Policy header: Unrecognized feature: 'local-fonts'.", source:  (0)
[0527/222020.576:INFO:CONSOLE(0)] "Error with Permissions-Policy header: Unrecognized feature: 'private-state-token-issuance'.", source:  (0)
[0527/222020.576:INFO:CONSOLE(0)] "Error with Permissions-Policy header: Unrecognized feature: 'shared-storage'.", source:  (0)
[0527/222020.576:INFO:CONSOLE(0)] "Error with Permissions-Policy header: Unrecognized feature: 'shared-storage-select-url'.", source:  (0)
[0527/222020.576:INFO:CONSOLE(0)] "Error with Permissions-Policy header: Unrecognized feature: 'private-state-token-redemption'.", source:  (0)
[0527/222020.576:INFO:CONSOLE(0)] "Error with Permissions-Policy header: Unrecognized feature: 'usb-unrestricted'.", source:  (0)
[0527/222020.576:INFO:CONSOLE(0)] "Error with Permissions-Policy header: Unrecognized feature: 'unload'.", source:  (0)
[0527/222020.576:INFO:CONSOLE(0)] "Error with Permissions-Policy header: Unrecognized feature: 'window-management'.", source:  (0)
[0527/222020.605:INFO:CONSOLE(132)] "Event handler of 'x-storagemutated-1' event must be added on the initial evaluation of worker script.", source: https://static.whatsapp.net/rsrc.php/v3/yB/r/hIJjE-HIDuP.js?_nc_x=Ij3Wp8lg5Kz (132)
[0527/222021.900:INFO:CONSOLE(132)] "Event handler of 'x-storagemutated-1' event must be added on the initial evaluation of worker script.", source: https://static.whatsapp.net/rsrc.php/v3/yB/r/hIJjE-HIDuP.js?_nc_x=Ij3Wp8lg5Kz (132)
[0527/222038.893:WARNING:backend_impl.cc(1826)] Destroying invalid entry.
[0527/222039.712:INFO:CONSOLE(336)] " 999999951", source: https://static.whatsapp.net/rsrc.php/v3/yk/r/CrC6IstyLSz.js?_nc_x=Ij3Wp8lg5Kz (336)
[0527/222124.475:INFO:CONSOLE(0)] "Error with Permissions-Policy header: Feature xr-spatial-tracking's parameters are ignored.", source:  (0)
[0527/222124.475:INFO:CONSOLE(0)] "Error with Permissions-Policy header: Origin trial controlled feature not enabled: 'attribution-reporting'.", source:  (0)
[0527/222124.475:INFO:CONSOLE(0)] "Error with Permissions-Policy header: Unrecognized feature: 'battery'.", source:  (0)
[0527/222124.475:INFO:CONSOLE(0)] "Error with Permissions-Policy header: Unrecognized feature: 'bluetooth'.", source:  (0)
[0527/222124.475:INFO:CONSOLE(0)] "Error with Permissions-Policy header: Unrecognized feature: 'ch-save-data'.", source:  (0)
[0527/222124.475:INFO:CONSOLE(0)] "Error with Permissions-Policy header: Origin trial controlled feature not enabled: 'ch-viewport-height'.", source:  (0)
[0527/222124.475:INFO:CONSOLE(0)] "Error with Permissions-Policy header: Unrecognized feature: 'compute-pressure'.", source:  (0)
[0527/222124.475:INFO:CONSOLE(0)] "Error with Permissions-Policy header: Unrecognized feature: 'gamepad'.", source:  (0)
[0527/222124.475:INFO:CONSOLE(0)] "Error with Permissions-Policy header: Unrecognized feature: 'interest-cohort'.", source:  (0)
[0527/222124.475:INFO:CONSOLE(0)] "Error with Permissions-Policy header: Unrecognized feature: 'local-fonts'.", source:  (0)
[0527/222124.475:INFO:CONSOLE(0)] "Error with Permissions-Policy header: Unrecognized feature: 'private-state-token-issuance'.", source:  (0)
[0527/222124.475:INFO:CONSOLE(0)] "Error with Permissions-Policy header: Unrecognized feature: 'shared-storage'.", source:  (0)
[0527/222124.475:INFO:CONSOLE(0)] "Error with Permissions-Policy header: Unrecognized feature: 'shared-storage-select-url'.", source:  (0)
[0527/222124.475:INFO:CONSOLE(0)] "Error with Permissions-Policy header: Unrecognized feature: 'private-state-token-redemption'.", source:  (0)
[0527/222124.475:INFO:CONSOLE(0)] "Error with Permissions-Policy header: Unrecognized feature: 'usb-unrestricted'.", source:  (0)
[0527/222124.475:INFO:CONSOLE(0)] "Error with Permissions-Policy header: Unrecognized feature: 'unload'.", source:  (0)
[0527/222124.475:INFO:CONSOLE(0)] "Error with Permissions-Policy header: Unrecognized feature: 'window-management'.", source:  (0)
[0527/222125.648:INFO:CONSOLE(132)] "Event handler of 'x-storagemutated-1' event must be added on the initial evaluation of worker script.", source: https://static.whatsapp.net/rsrc.php/v3/yB/r/hIJjE-HIDuP.js?_nc_x=Ij3Wp8lg5Kz (132)
[0527/222153.361:ERROR:cache_util_win.cc(20)] Unable to move the cache: Acceso denegado. (0x5)
[0527/222153.361:ERROR:cache_util.cc(146)] Unable to move cache folder C:\Users\adria\OneDrive\Escritorio\WHATSAPP\my-whatsapp-project\server\controllers\sessions\Hola\session-Hola\Default\GPUCache to C:\Users\adria\OneDrive\Escritorio\WHATSAPP\my-whatsapp-project\server\controllers\sessions\Hola\session-Hola\Default\old_GPUCache_000
[0527/222153.361:ERROR:disk_cache.cc(192)] Unable to create cache
[0527/222153.361:ERROR:shader_disk_cache.cc(612)] Shader Cache Creation failed: -2
[0527/222155.376:ERROR:cache_util_win.cc(20)] Unable to move the cache: Acceso denegado. (0x5)
[0527/222155.376:ERROR:cache_util.cc(146)] Unable to move cache folder C:\Users\adria\OneDrive\Escritorio\WHATSAPP\my-whatsapp-project\server\controllers\sessions\Hola\session-Hola\Default\Cache\Cache_Data to C:\Users\adria\OneDrive\Escritorio\WHATSAPP\my-whatsapp-project\server\controllers\sessions\Hola\session-Hola\Default\Cache\old_Cache_Data_000
[0527/222155.376:ERROR:disk_cache.cc(192)] Unable to create cache
[0527/222155.531:ERROR:cache_util_win.cc(20)] Unable to move the cache: Acceso denegado. (0x5)
[0527/222155.531:ERROR:cache_util.cc(146)] Unable to move cache folder C:\Users\adria\OneDrive\Escritorio\WHATSAPP\my-whatsapp-project\server\controllers\sessions\Hola\session-Hola\Default\GPUCache to C:\Users\adria\OneDrive\Escritorio\WHATSAPP\my-whatsapp-project\server\controllers\sessions\Hola\session-Hola\Default\old_GPUCache_000
[0527/222155.531:ERROR:disk_cache.cc(192)] Unable to create cache
[0527/222155.531:ERROR:shader_disk_cache.cc(612)] Shader Cache Creation failed: -2
[0527/222155.571:INFO:CONSOLE(0)] "Error with Permissions-Policy header: Feature xr-spatial-tracking's parameters are ignored.", source:  (0)
[0527/222155.571:INFO:CONSOLE(0)] "Error with Permissions-Policy header: Origin trial controlled feature not enabled: 'attribution-reporting'.", source:  (0)
[0527/222155.571:INFO:CONSOLE(0)] "Error with Permissions-Policy header: Unrecognized feature: 'battery'.", source:  (0)
[0527/222155.571:INFO:CONSOLE(0)] "Error with Permissions-Policy header: Unrecognized feature: 'bluetooth'.", source:  (0)
[0527/222155.571:INFO:CONSOLE(0)] "Error with Permissions-Policy header: Unrecognized feature: 'ch-save-data'.", source:  (0)
[0527/222155.571:INFO:CONSOLE(0)] "Error with Permissions-Policy header: Origin trial controlled feature not enabled: 'ch-viewport-height'.", source:  (0)
[0527/222155.571:INFO:CONSOLE(0)] "Error with Permissions-Policy header: Unrecognized feature: 'compute-pressure'.", source:  (0)
[0527/222155.572:INFO:CONSOLE(0)] "Error with Permissions-Policy header: Unrecognized feature: 'gamepad'.", source:  (0)
[0527/222155.572:INFO:CONSOLE(0)] "Error with Permissions-Policy header: Unrecognized feature: 'interest-cohort'.", source:  (0)
[0527/222155.572:INFO:CONSOLE(0)] "Error with Permissions-Policy header: Unrecognized feature: 'local-fonts'.", source:  (0)
[0527/222155.572:INFO:CONSOLE(0)] "Error with Permissions-Policy header: Unrecognized feature: 'private-state-token-issuance'.", source:  (0)
[0527/222155.572:INFO:CONSOLE(0)] "Error with Permissions-Policy header: Unrecognized feature: 'shared-storage'.", source:  (0)
[0527/222155.572:INFO:CONSOLE(0)] "Error with Permissions-Policy header: Unrecognized feature: 'shared-storage-select-url'.", source:  (0)
[0527/222155.572:INFO:CONSOLE(0)] "Error with Permissions-Policy header: Unrecognized feature: 'private-state-token-redemption'.", source:  (0)
[0527/222155.572:INFO:CONSOLE(0)] "Error with Permissions-Policy header: Unrecognized feature: 'usb-unrestricted'.", source:  (0)
[0527/222155.572:INFO:CONSOLE(0)] "Error with Permissions-Policy header: Unrecognized feature: 'unload'.", source:  (0)
[0527/222155.572:INFO:CONSOLE(0)] "Error with Permissions-Policy header: Unrecognized feature: 'window-management'.", source:  (0)
[0527/222156.382:ERROR:service_worker_storage.cc(1904)] Failed to delete the database: Database IO error
[0527/222201.423:ERROR:quota_database.cc(823)] Could not open the quota database, resetting.
[0527/222204.337:ERROR:quota_database.cc(825)] Failed to reset the quota database.
